#
# There is insufficient memory for the Java Runtime Environment to continue.
# Native memory allocation (malloc) failed to allocate 970016 bytes for Chunk::new
# Possible reasons:
#   The system is out of physical RAM or swap space
#   The process is running with CompressedOops enabled, and the Java Heap may be blocking the growth of the native heap
# Possible solutions:
#   Reduce memory load on the system
#   Increase physical memory or swap space
#   Check if swap backing store is full
#   Decrease Java heap size (-Xmx/-Xms)
#   Decrease number of Java threads
#   Decrease Java thread stack sizes (-Xss)
#   Set larger code cache with -XX:ReservedCodeCacheSize=
#   JVM is running with Unscaled Compressed Oops mode in which the Java heap is
#     placed in the first 4GB address space. The Java Heap base address is the
#     maximum limit for the native heap growth. Please use -XX:HeapBaseMinAddress
#     to set the Java Heap base and to place the Java Heap above 4GB virtual address.
# This output file may be truncated or incomplete.
#
#  Out of Memory Error (allocation.cpp:389), pid=4072, tid=0x0000000000003588
#
# JRE version: OpenJDK Runtime Environment (8.0_312-b07) (build 1.8.0_312-b07)
# Java VM: OpenJDK 64-Bit Server VM (25.312-b07 mixed mode windows-amd64 compressed oops)
# Failed to write core dump. Minidumps are not enabled by default on client versions of Windows
#

---------------  T H R E A D  ---------------

Current thread (0x0000000016304800):  JavaThread "C2 CompilerThread0" daemon [_thread_in_native, id=13704, stack(0x0000000016bc0000,0x0000000016cc0000)]

Stack: [0x0000000016bc0000,0x0000000016cc0000]
[error occurred during error reporting (printing stack bounds), id 0xc0000005]

Native frames: (J=compiled Java code, j=interpreted, Vv=VM code, C=native code)


Current CompileTask:
C2:3318142 16024       4       java.lang.Class::getMethod (64 bytes)


---------------  P R O C E S S  ---------------

Java Threads: ( => current thread )
  0x0000000020bfc000 JavaThread "Cache worker for cache directory md-rule (C:\Users\Acer\.gradle\caches\6.9\md-rule)" [_thread_blocked, id=16428, stack(0x000000001d580000,0x000000001d680000)]
  0x0000000020bf8800 JavaThread "Cache worker for cache directory md-supplier (C:\Users\Acer\.gradle\caches\6.9\md-supplier)" [_thread_blocked, id=1432, stack(0x000000001d480000,0x000000001d580000)]
  0x0000000020bfb000 JavaThread "Cache worker for checksums cache (D:\ReactNativeTraining\TrainingApps\android\.gradle\checksums)" [_thread_blocked, id=24264, stack(0x000000001d380000,0x000000001d480000)]
  0x0000000020bf6800 JavaThread "Cache worker for file hash cache (D:\ReactNativeTraining\TrainingApps\android\.gradle\6.9\fileHashes)" [_thread_blocked, id=20312, stack(0x000000001abe0000,0x000000001ace0000)]
  0x0000000020bf9800 JavaThread "Daemon client event forwarder" [_thread_blocked, id=8292, stack(0x000000001aae0000,0x000000001abe0000)]
  0x0000000020bfc800 JavaThread "Stdin handler" [_thread_blocked, id=3624, stack(0x000000001a8e0000,0x000000001a9e0000)]
  0x0000000020bfd800 JavaThread "Asynchronous log dispatcher for DefaultDaemonConnection: socket connection from /127.0.0.1:52207 to /127.0.0.1:57573" [_thread_blocked, id=25128, stack(0x000000001a7e0000,0x000000001a8e0000)]
  0x0000000020bfa800 JavaThread "Daemon worker Thread 3" [_thread_in_Java, id=24332, stack(0x000000001a6e0000,0x000000001a7e0000)]
  0x0000000020bf5800 JavaThread "Cancel handler" [_thread_blocked, id=2000, stack(0x000000001a5e0000,0x000000001a6e0000)]
  0x0000000020bf7000 JavaThread "Handler for socket connection from /127.0.0.1:52207 to /127.0.0.1:57573" [_thread_in_native, id=25388, stack(0x000000001a4e0000,0x000000001a5e0000)]
  0x0000000020bf5000 JavaThread "Daemon Thread 3" [_thread_blocked, id=8828, stack(0x0000000000cd0000,0x0000000000dd0000)]
  0x0000000020c06000 JavaThread "pool-6-thread-1" [_thread_blocked, id=12092, stack(0x000000002cca0000,0x000000002cda0000)]
  0x000000002d804800 JavaThread "Device List Monitor" [_thread_in_native, id=4488, stack(0x000000002f800000,0x000000002f900000)]
  0x000000002d80a000 JavaThread "JdwpProxyConnection" [_thread_in_native, id=22748, stack(0x000000002f700000,0x000000002f800000)]
  0x000000002d7fc000 JavaThread "Monitor" [_thread_in_native, id=11716, stack(0x000000002f600000,0x000000002f700000)]
  0x000000001d312800 JavaThread "pool-3-thread-1" [_thread_blocked, id=23660, stack(0x0000000028230000,0x0000000028330000)]
  0x000000001dbc4800 JavaThread "Memory manager" [_thread_blocked, id=20512, stack(0x0000000027f30000,0x0000000028030000)]
  0x00000000191f0000 JavaThread "Cache worker for file content cache (C:\Users\Acer\.gradle\caches\6.9\fileContent)" [_thread_blocked, id=18880, stack(0x000000001f300000,0x000000001f400000)]
  0x00000000191f3000 JavaThread "Cache worker for execution history cache (C:\Users\Acer\.gradle\caches\6.9\executionHistory)" [_thread_blocked, id=25076, stack(0x000000001ec00000,0x000000001ed00000)]
  0x00000000191f1800 JavaThread "Cache worker for journal cache (C:\Users\Acer\.gradle\caches\journal-1)" [_thread_blocked, id=19968, stack(0x000000001c0b0000,0x000000001c1b0000)]
  0x00000000191f4800 JavaThread "File lock request listener" [_thread_in_native, id=15412, stack(0x000000001afe0000,0x000000001b0e0000)]
  0x00000000191f2000 JavaThread "Cache worker for file hash cache (C:\Users\Acer\.gradle\caches\6.9\fileHashes)" [_thread_blocked, id=22396, stack(0x000000001aee0000,0x000000001afe0000)]
  0x0000000018cd2800 JavaThread "Daemon periodic checks" [_thread_blocked, id=13436, stack(0x000000001a1e0000,0x000000001a2e0000)]
  0x0000000018940800 JavaThread "Incoming local TCP Connector on port 52207" [_thread_in_native, id=15088, stack(0x0000000019fa0000,0x000000001a0a0000)]
  0x000000001883e800 JavaThread "Daemon health stats" [_thread_blocked, id=18924, stack(0x0000000018b90000,0x0000000018c90000)]
  0x0000000016391800 JavaThread "Service Thread" daemon [_thread_blocked, id=23936, stack(0x0000000016fc0000,0x00000000170c0000)]
  0x0000000016307000 JavaThread "C1 CompilerThread3" daemon [_thread_in_vm, id=8312, stack(0x0000000016ec0000,0x0000000016fc0000)]
  0x0000000016301000 JavaThread "C2 CompilerThread2" daemon [_thread_in_native, id=14624, stack(0x0000000016dc0000,0x0000000016ec0000)]
  0x0000000016300000 JavaThread "C2 CompilerThread1" daemon [_thread_blocked, id=7052, stack(0x0000000016cc0000,0x0000000016dc0000)]
=>0x0000000016304800 JavaThread "C2 CompilerThread0" daemon [_thread_in_native, id=13704, stack(0x0000000016bc0000,0x0000000016cc0000)]
  0x00000000162f7000 JavaThread "Attach Listener" daemon [_thread_blocked, id=22168, stack(0x0000000016ac0000,0x0000000016bc0000)]
  0x00000000162f6000 JavaThread "Signal Dispatcher" daemon [_thread_blocked, id=13752, stack(0x00000000169c0000,0x0000000016ac0000)]
  0x0000000002c7b800 JavaThread "Finalizer" daemon [_thread_blocked, id=23208, stack(0x00000000167c0000,0x00000000168c0000)]
  0x00000000162e0800 JavaThread "Reference Handler" daemon [_thread_blocked, id=21296, stack(0x00000000166c0000,0x00000000167c0000)]
  0x0000000002b84800 JavaThread "main" [_thread_blocked, id=2028, stack(0x0000000002a80000,0x0000000002b80000)]

Other Threads:
  0x00000000144e7000 VMThread [stack: 0x00000000161c0000,0x00000000162c0000] [id=17020]
  0x0000000016392800 WatcherThread [stack: 0x00000000170c0000,0x00000000171c0000] [id=6276]

VM state:not at safepoint (normal execution)

VM Mutex/Monitor currently owned by a thread:  ([mutex/lock_event])
[0x0000000002b84360] Compile_lock - owner thread: 0x0000000016307000

heap address: 0x00000000e0000000, size: 512 MB, Compressed Oops mode: 32-bit
Narrow klass base: 0x0000000000000000, Narrow klass shift: 3
Compressed class space size: 1073741824 Address: 0x0000000100000000

Heap:
 PSYoungGen      total 146944K, used 110461K [0x00000000f5580000, 0x0000000100000000, 0x0000000100000000)
  eden space 126464K, 75% used [0x00000000f5580000,0x00000000fb227628,0x00000000fd100000)
  from space 20480K, 76% used [0x00000000fd100000,0x00000000fe038020,0x00000000fe500000)
  to   space 20992K, 0% used [0x00000000feb80000,0x00000000feb80000,0x0000000100000000)
 ParOldGen       total 267776K, used 62642K [0x00000000e0000000, 0x00000000f0580000, 0x00000000f5580000)
  object space 267776K, 23% used [0x00000000e0000000,0x00000000e3d2cbf0,0x00000000f0580000)
 Metaspace       used 93900K, capacity 99642K, committed 99840K, reserved 1134592K
  class space    used 12681K, capacity 13741K, committed 13824K, reserved 1048576K

Card table byte_map: [0x0000000012040000,0x0000000012150000] byte_map_base: 0x0000000011940000

Marking Bits: (ParMarkBitMap*) 0x0000000053272480
 Begin Bits: [0x0000000012a00000, 0x0000000013200000)
 End Bits:   [0x0000000013200000, 0x0000000013a00000)

Polling page: 0x00000000029e0000

CodeCache: size=245760Kb used=44522Kb max_used=44536Kb free=201237Kb
 bounds [0x0000000002c80000, 0x0000000005840000, 0x0000000011c80000]
 total_blobs=14154 nmethods=13269 adapters=795
 compilation: enabled

Compilation events (10 events):
Event: 3317.942 Thread 0x0000000016307000 16031       1       org.gradle.groovy.scripts.TextResourceScriptSource::getResource (5 bytes)
Event: 3317.942 Thread 0x0000000016307000 nmethod 16031 0x000000000582d190 code [0x000000000582d2e0, 0x000000000582d3f0]
Event: 3317.967 Thread 0x0000000016300000 16032       4       java.lang.ref.SoftReference::get (29 bytes)
Event: 3317.969 Thread 0x0000000016300000 nmethod 16032 0x00000000055d7e50 code [0x00000000055d7f80, 0x00000000055d8018]
Event: 3317.991 Thread 0x0000000016301000 16033   !   4       java.lang.reflect.Executable::sharedToGenericString (329 bytes)
Event: 3317.997 Thread 0x0000000016307000 16034       1       org.codehaus.groovy.vmplugin.v8.Java8::getVersion (3 bytes)
Event: 3317.997 Thread 0x0000000016307000 nmethod 16034 0x000000000582fe10 code [0x000000000582ff60, 0x0000000005830070]
Event: 3318.052 Thread 0x0000000016300000 16035       4       java.lang.reflect.Executable::printModifiersIfNonzero (101 bytes)
Event: 3318.057 Thread 0x0000000016307000 16036       3       java.beans.MethodRef::find (62 bytes)
Event: 3318.061 Thread 0x0000000016307000 nmethod 16036 0x000000000582ead0 code [0x000000000582ece0, 0x000000000582f988]

GC Heap History (10 events):
Event: 95.174 GC heap before
{Heap before GC invocations=19 (full 3):
 PSYoungGen      total 149504K, used 137714K [0x00000000f5580000, 0x0000000100000000, 0x0000000100000000)
  eden space 126464K, 99% used [0x00000000f5580000,0x00000000fd0fb378,0x00000000fd100000)
  from space 23040K, 48% used [0x00000000fd100000,0x00000000fdc01788,0x00000000fe780000)
  to   space 22528K, 0% used [0x00000000fea00000,0x00000000fea00000,0x0000000100000000)
 ParOldGen       total 196608K, used 75570K [0x00000000e0000000, 0x00000000ec000000, 0x00000000f5580000)
  object space 196608K, 38% used [0x00000000e0000000,0x00000000e49cc9b8,0x00000000ec000000)
 Metaspace       used 87539K, capacity 92518K, committed 92800K, reserved 1128448K
  class space    used 12155K, capacity 13161K, committed 13184K, reserved 1048576K
Event: 95.191 GC heap after
Heap after GC invocations=19 (full 3):
 PSYoungGen      total 148992K, used 11353K [0x00000000f5580000, 0x00000000ffd80000, 0x0000000100000000)
  eden space 129024K, 0% used [0x00000000f5580000,0x00000000f5580000,0x00000000fd380000)
  from space 19968K, 56% used [0x00000000fea00000,0x00000000ff516648,0x00000000ffd80000)
  to   space 21504K, 0% used [0x00000000fd380000,0x00000000fd380000,0x00000000fe880000)
 ParOldGen       total 196608K, used 85049K [0x00000000e0000000, 0x00000000ec000000, 0x00000000f5580000)
  object space 196608K, 43% used [0x00000000e0000000,0x00000000e530e500,0x00000000ec000000)
 Metaspace       used 87539K, capacity 92518K, committed 92800K, reserved 1128448K
  class space    used 12155K, capacity 13161K, committed 13184K, reserved 1048576K
}
Event: 97.796 GC heap before
{Heap before GC invocations=20 (full 3):
 PSYoungGen      total 148992K, used 140377K [0x00000000f5580000, 0x00000000ffd80000, 0x0000000100000000)
  eden space 129024K, 100% used [0x00000000f5580000,0x00000000fd380000,0x00000000fd380000)
  from space 19968K, 56% used [0x00000000fea00000,0x00000000ff516648,0x00000000ffd80000)
  to   space 21504K, 0% used [0x00000000fd380000,0x00000000fd380000,0x00000000fe880000)
 ParOldGen       total 196608K, used 85049K [0x00000000e0000000, 0x00000000ec000000, 0x00000000f5580000)
  object space 196608K, 43% used [0x00000000e0000000,0x00000000e530e500,0x00000000ec000000)
 Metaspace       used 88944K, capacity 93958K, committed 94080K, reserved 1130496K
  class space    used 12328K, capacity 13355K, committed 13440K, reserved 1048576K
Event: 97.812 GC heap after
Heap after GC invocations=20 (full 3):
 PSYoungGen      total 150528K, used 9323K [0x00000000f5580000, 0x0000000100000000, 0x0000000100000000)
  eden space 129024K, 0% used [0x00000000f5580000,0x00000000f5580000,0x00000000fd380000)
  from space 21504K, 43% used [0x00000000fd380000,0x00000000fdc9ae30,0x00000000fe880000)
  to   space 20992K, 0% used [0x00000000feb80000,0x00000000feb80000,0x0000000100000000)
 ParOldGen       total 196608K, used 90433K [0x00000000e0000000, 0x00000000ec000000, 0x00000000f5580000)
  object space 196608K, 45% used [0x00000000e0000000,0x00000000e5850580,0x00000000ec000000)
 Metaspace       used 88944K, capacity 93958K, committed 94080K, reserved 1130496K
  class space    used 12328K, capacity 13355K, committed 13440K, reserved 1048576K
}
Event: 2885.562 GC heap before
{Heap before GC invocations=21 (full 3):
 PSYoungGen      total 150528K, used 101645K [0x00000000f5580000, 0x0000000100000000, 0x0000000100000000)
  eden space 129024K, 71% used [0x00000000f5580000,0x00000000fafa8758,0x00000000fd380000)
  from space 21504K, 43% used [0x00000000fd380000,0x00000000fdc9ae30,0x00000000fe880000)
  to   space 20992K, 0% used [0x00000000feb80000,0x00000000feb80000,0x0000000100000000)
 ParOldGen       total 196608K, used 90433K [0x00000000e0000000, 0x00000000ec000000, 0x00000000f5580000)
  object space 196608K, 45% used [0x00000000e0000000,0x00000000e5850580,0x00000000ec000000)
 Metaspace       used 93005K, capacity 98478K, committed 98560K, reserved 1134592K
  class space    used 12689K, capacity 13745K, committed 13824K, reserved 1048576K
Event: 2886.106 GC heap after
Heap after GC invocations=21 (full 3):
 PSYoungGen      total 140288K, used 10269K [0x00000000f5580000, 0x00000000ff900000, 0x0000000100000000)
  eden space 126464K, 0% used [0x00000000f5580000,0x00000000f5580000,0x00000000fd100000)
  from space 13824K, 74% used [0x00000000feb80000,0x00000000ff587400,0x00000000ff900000)
  to   space 20480K, 0% used [0x00000000fd100000,0x00000000fd100000,0x00000000fe500000)
 ParOldGen       total 196608K, used 98235K [0x00000000e0000000, 0x00000000ec000000, 0x00000000f5580000)
  object space 196608K, 49% used [0x00000000e0000000,0x00000000e5feef50,0x00000000ec000000)
 Metaspace       used 93005K, capacity 98478K, committed 98560K, reserved 1134592K
  class space    used 12689K, capacity 13745K, committed 13824K, reserved 1048576K
}
Event: 2886.106 GC heap before
{Heap before GC invocations=22 (full 4):
 PSYoungGen      total 140288K, used 10269K [0x00000000f5580000, 0x00000000ff900000, 0x0000000100000000)
  eden space 126464K, 0% used [0x00000000f5580000,0x00000000f5580000,0x00000000fd100000)
  from space 13824K, 74% used [0x00000000feb80000,0x00000000ff587400,0x00000000ff900000)
  to   space 20480K, 0% used [0x00000000fd100000,0x00000000fd100000,0x00000000fe500000)
 ParOldGen       total 196608K, used 98235K [0x00000000e0000000, 0x00000000ec000000, 0x00000000f5580000)
  object space 196608K, 49% used [0x00000000e0000000,0x00000000e5feef50,0x00000000ec000000)
 Metaspace       used 93005K, capacity 98478K, committed 98560K, reserved 1134592K
  class space    used 12689K, capacity 13745K, committed 13824K, reserved 1048576K
Event: 2891.423 GC heap after
Heap after GC invocations=22 (full 4):
 PSYoungGen      total 140288K, used 0K [0x00000000f5580000, 0x00000000ff900000, 0x0000000100000000)
  eden space 126464K, 0% used [0x00000000f5580000,0x00000000f5580000,0x00000000fd100000)
  from space 13824K, 0% used [0x00000000feb80000,0x00000000feb80000,0x00000000ff900000)
  to   space 20480K, 0% used [0x00000000fd100000,0x00000000fd100000,0x00000000fe500000)
 ParOldGen       total 267776K, used 62634K [0x00000000e0000000, 0x00000000f0580000, 0x00000000f5580000)
  object space 267776K, 23% used [0x00000000e0000000,0x00000000e3d2abf0,0x00000000f0580000)
 Metaspace       used 92343K, capacity 97174K, committed 98560K, reserved 1134592K
  class space    used 12501K, capacity 13444K, committed 13824K, reserved 1048576K
}
Event: 2898.556 GC heap before
{Heap before GC invocations=23 (full 4):
 PSYoungGen      total 140288K, used 126464K [0x00000000f5580000, 0x00000000ff900000, 0x0000000100000000)
  eden space 126464K, 100% used [0x00000000f5580000,0x00000000fd100000,0x00000000fd100000)
  from space 13824K, 0% used [0x00000000feb80000,0x00000000feb80000,0x00000000ff900000)
  to   space 20480K, 0% used [0x00000000fd100000,0x00000000fd100000,0x00000000fe500000)
 ParOldGen       total 267776K, used 62634K [0x00000000e0000000, 0x00000000f0580000, 0x00000000f5580000)
  object space 267776K, 23% used [0x00000000e0000000,0x00000000e3d2abf0,0x00000000f0580000)
 Metaspace       used 93220K, capacity 98680K, committed 99072K, reserved 1134592K
  class space    used 12606K, capacity 13623K, committed 13824K, reserved 1048576K
Event: 2898.782 GC heap after
Heap after GC invocations=23 (full 4):
 PSYoungGen      total 146944K, used 15584K [0x00000000f5580000, 0x0000000100000000, 0x0000000100000000)
  eden space 126464K, 0% used [0x00000000f5580000,0x00000000f5580000,0x00000000fd100000)
  from space 20480K, 76% used [0x00000000fd100000,0x00000000fe038020,0x00000000fe500000)
  to   space 20992K, 0% used [0x00000000feb80000,0x00000000feb80000,0x0000000100000000)
 ParOldGen       total 267776K, used 62642K [0x00000000e0000000, 0x00000000f0580000, 0x00000000f5580000)
  object space 267776K, 23% used [0x00000000e0000000,0x00000000e3d2cbf0,0x00000000f0580000)
 Metaspace       used 93220K, capacity 98680K, committed 99072K, reserved 1134592K
  class space    used 12606K, capacity 13623K, committed 13824K, reserved 1048576K
}

Deoptimization events (10 events):
Event: 2898.794 Thread 0x0000000002c7b800 Uncommon trap: reason=unstable_if action=reinterpret pc=0x000000000546dc20 method=java.lang.ThreadLocal$ThreadLocalMap.remove(Ljava/lang/ThreadLocal;)V @ 26
Event: 2901.633 Thread 0x0000000020c05800 Uncommon trap: reason=bimorphic action=maybe_recompile pc=0x000000000466429c method=org.gradle.cache.Cache.get(Ljava/lang/Object;Ljava/util/function/Supplier;)Ljava/lang/Object; @ 8
Event: 2901.643 Thread 0x0000000020c07000 Uncommon trap: reason=bimorphic action=maybe_recompile pc=0x000000000466429c method=org.gradle.cache.Cache.get(Ljava/lang/Object;Ljava/util/function/Supplier;)Ljava/lang/Object; @ 8
Event: 2901.651 Thread 0x000000002d807800 Uncommon trap: reason=bimorphic action=maybe_recompile pc=0x000000000466429c method=org.gradle.cache.Cache.get(Ljava/lang/Object;Ljava/util/function/Supplier;)Ljava/lang/Object; @ 8
Event: 2901.651 Thread 0x0000000020c01800 Uncommon trap: reason=bimorphic action=maybe_recompile pc=0x000000000466429c method=org.gradle.cache.Cache.get(Ljava/lang/Object;Ljava/util/function/Supplier;)Ljava/lang/Object; @ 8
Event: 2918.451 Thread 0x000000002d807800 Uncommon trap: reason=class_check action=maybe_recompile pc=0x000000000381a42c method=java.util.HashMap.removeNode(ILjava/lang/Object;Ljava/lang/Object;ZZ)Ljava/util/HashMap$Node; @ 143
Event: 2918.460 Thread 0x000000002d807800 Uncommon trap: reason=class_check action=maybe_recompile pc=0x000000000381a42c method=java.util.HashMap.removeNode(ILjava/lang/Object;Ljava/lang/Object;ZZ)Ljava/util/HashMap$Node; @ 143
Event: 2918.499 Thread 0x000000002d807800 Uncommon trap: reason=class_check action=maybe_recompile pc=0x0000000004451ce8 method=java.util.HashMap.removeNode(ILjava/lang/Object;Ljava/lang/Object;ZZ)Ljava/util/HashMap$Node; @ 68
Event: 2918.654 Thread 0x000000002d803800 Uncommon trap: reason=unstable_if action=reinterpret pc=0x00000000047f3c8c method=com.esotericsoftware.kryo.io.Input.require(I)I @ 180
Event: 3317.415 Thread 0x0000000020bfa800 Uncommon trap: reason=class_check action=maybe_recompile pc=0x000000000477e768 method=java.util.stream.ReduceOps$ReduceOp.evaluateSequential(Ljava/util/stream/PipelineHelper;Ljava/util/Spliterator;)Ljava/lang/Object; @ 2

Classes redefined (0 events):
No events

Internal exceptions (10 events):
Event: 2897.626 Thread 0x0000000020c01800 Exception <a 'java/lang/NoSuchMethodError': <clinit>> (0x00000000fbde2380) thrown at [C:\tmp\build-8-cpu\jdk8u\hotspot\src\share\vm\prims\jni.cpp, line 1616]
Event: 2897.753 Thread 0x0000000020c05800 Exception <a 'java/lang/NoSuchMethodError': <clinit>> (0x00000000fbe62858) thrown at [C:\tmp\build-8-cpu\jdk8u\hotspot\src\share\vm\prims\jni.cpp, line 1616]
Event: 2899.918 Thread 0x0000000020c05800 Exception <a 'java/lang/NoSuchMethodError': <clinit>> (0x00000000f66be770) thrown at [C:\tmp\build-8-cpu\jdk8u\hotspot\src\share\vm\prims\jni.cpp, line 1616]
Event: 2899.920 Thread 0x0000000020c05800 Exception <a 'java/lang/NoSuchMethodError': <clinit>> (0x00000000f66bfc18) thrown at [C:\tmp\build-8-cpu\jdk8u\hotspot\src\share\vm\prims\jni.cpp, line 1616]
Event: 2899.920 Thread 0x0000000020c05800 Exception <a 'java/lang/NoSuchMethodError': <clinit>> (0x00000000f66c4d90) thrown at [C:\tmp\build-8-cpu\jdk8u\hotspot\src\share\vm\prims\jni.cpp, line 1616]
Event: 2899.923 Thread 0x0000000020c05800 Exception <a 'java/lang/NoSuchMethodError': <clinit>> (0x00000000f66de2f0) thrown at [C:\tmp\build-8-cpu\jdk8u\hotspot\src\share\vm\prims\jni.cpp, line 1616]
Event: 2899.923 Thread 0x0000000020c05800 Exception <a 'java/lang/NoSuchMethodError': <clinit>> (0x00000000f66df810) thrown at [C:\tmp\build-8-cpu\jdk8u\hotspot\src\share\vm\prims\jni.cpp, line 1616]
Event: 2900.174 Thread 0x0000000020c05800 Exception <a 'java/lang/NoSuchMethodError': <clinit>> (0x00000000f6d076c8) thrown at [C:\tmp\build-8-cpu\jdk8u\hotspot\src\share\vm\prims\jni.cpp, line 1616]
Event: 2918.289 Thread 0x0000000020c04800 Exception <a 'sun/nio/fs/WindowsException'> (0x00000000fa37a5c8) thrown at [C:\tmp\build-8-cpu\jdk8u\hotspot\src\share\vm\prims\jni.cpp, line 711]
Event: 3318.027 Thread 0x0000000020bfa800 Exception <a 'java/io/IOException': CreateProcess error=1455, The paging file is too small for this operation to complete> (0x00000000fb11d8e0) thrown at [C:\tmp\build-8-cpu\jdk8u\hotspot\src\share\vm\prims\jni.cpp, line 738]

Events (10 events):
Event: 3317.914 Executing VM operation: RevokeBias
Event: 3317.915 Executing VM operation: RevokeBias done
Event: 3317.923 Executing VM operation: RevokeBias
Event: 3317.924 Executing VM operation: RevokeBias done
Event: 3317.987 loading class groovy/runtime/metaclass/java/lang/RuntimeMetaClass
Event: 3317.987 loading class groovy/runtime/metaclass/java/lang/RuntimeMetaClass done
Event: 3317.993 loading class groovy/lang/GroovyRuntimeException
Event: 3317.993 loading class groovy/lang/GroovyRuntimeException done
Event: 3318.031 loading class groovy/runtime/metaclass/org/gradle/internal/logging/slf4j/OutputEventListenerBackedLoggerMetaClass
Event: 3318.031 loading class groovy/runtime/metaclass/org/gradle/internal/logging/slf4j/OutputEventListenerBackedLoggerMetaClass done


Dynamic libraries:
0x00007ff700e30000 - 0x00007ff700e65000 	C:\Program Files\OpenJDK\openjdk-8u312-b07\bin\java.exe
0x00007ffaa3630000 - 0x00007ffaa3825000 	C:\WINDOWS\SYSTEM32\ntdll.dll
0x00007ffaa2530000 - 0x00007ffaa25ee000 	C:\WINDOWS\System32\KERNEL32.DLL
0x00007ffaa1380000 - 0x00007ffaa1648000 	C:\WINDOWS\System32\KERNELBASE.dll
0x00007ffaa34e0000 - 0x00007ffaa358c000 	C:\WINDOWS\System32\ADVAPI32.dll
0x00007ffaa1710000 - 0x00007ffaa17ae000 	C:\WINDOWS\System32\msvcrt.dll
0x00007ffaa2660000 - 0x00007ffaa26fb000 	C:\WINDOWS\System32\sechost.dll
0x00007ffaa3280000 - 0x00007ffaa33aa000 	C:\WINDOWS\System32\RPCRT4.dll
0x00007ffaa18d0000 - 0x00007ffaa1a71000 	C:\WINDOWS\System32\USER32.dll
0x00007ffaa11f0000 - 0x00007ffaa1212000 	C:\WINDOWS\System32\win32u.dll
0x00007ffaa2490000 - 0x00007ffaa24bb000 	C:\WINDOWS\System32\GDI32.dll
0x00007ffaa0eb0000 - 0x00007ffaa0fbb000 	C:\WINDOWS\System32\gdi32full.dll
0x00007ffaa0fc0000 - 0x00007ffaa105d000 	C:\WINDOWS\System32\msvcp_win.dll
0x00007ffaa10f0000 - 0x00007ffaa11f0000 	C:\WINDOWS\System32\ucrtbase.dll
0x00007ffa8b180000 - 0x00007ffa8b41a000 	C:\WINDOWS\WinSxS\amd64_microsoft.windows.common-controls_6595b64144ccf1df_6.0.19041.1110_none_60b5254171f9507e\COMCTL32.dll
0x00007ffaa1680000 - 0x00007ffaa16b0000 	C:\WINDOWS\System32\IMM32.DLL
0x0000000053300000 - 0x00000000533d2000 	C:\Program Files\OpenJDK\openjdk-8u312-b07\jre\bin\msvcr100.dll
0x0000000052a60000 - 0x00000000532f4000 	C:\Program Files\OpenJDK\openjdk-8u312-b07\jre\bin\server\jvm.dll
0x00007ffaa31a0000 - 0x00007ffaa31a8000 	C:\WINDOWS\System32\PSAPI.DLL
0x00007ffa8b610000 - 0x00007ffa8b637000 	C:\WINDOWS\SYSTEM32\WINMM.dll
0x00007ffa9a7b0000 - 0x00007ffa9a7ba000 	C:\WINDOWS\SYSTEM32\VERSION.dll
0x00007ffa8d8c0000 - 0x00007ffa8d8c9000 	C:\WINDOWS\SYSTEM32\WSOCK32.dll
0x00007ffaa25f0000 - 0x00007ffaa265b000 	C:\WINDOWS\System32\WS2_32.dll
0x00007ffa8d840000 - 0x00007ffa8d84f000 	C:\Program Files\OpenJDK\openjdk-8u312-b07\jre\bin\verify.dll
0x00007ffa816e0000 - 0x00007ffa81709000 	C:\Program Files\OpenJDK\openjdk-8u312-b07\jre\bin\java.dll
0x00007ffa88180000 - 0x00007ffa88196000 	C:\Program Files\OpenJDK\openjdk-8u312-b07\jre\bin\zip.dll
0x00007ffaa2a60000 - 0x00007ffaa319f000 	C:\WINDOWS\System32\SHELL32.dll
0x00007ffa9ee50000 - 0x00007ffa9f5e0000 	C:\WINDOWS\SYSTEM32\windows.storage.dll
0x00007ffaa2700000 - 0x00007ffaa2a55000 	C:\WINDOWS\System32\combase.dll
0x00007ffaa07a0000 - 0x00007ffaa07ce000 	C:\WINDOWS\SYSTEM32\Wldp.dll
0x00007ffaa33d0000 - 0x00007ffaa347d000 	C:\WINDOWS\System32\SHCORE.dll
0x00007ffaa16b0000 - 0x00007ffaa1705000 	C:\WINDOWS\System32\shlwapi.dll
0x00007ffaa0c90000 - 0x00007ffaa0caf000 	C:\WINDOWS\SYSTEM32\profapi.dll
0x00007ffa7f1a0000 - 0x00007ffa7f1bb000 	C:\Program Files\OpenJDK\openjdk-8u312-b07\jre\bin\net.dll
0x00007ffaa0500000 - 0x00007ffaa056a000 	C:\WINDOWS\system32\mswsock.dll
0x00007ffa7e650000 - 0x00007ffa7e661000 	C:\Program Files\OpenJDK\openjdk-8u312-b07\jre\bin\nio.dll
0x00007ffa7d210000 - 0x00007ffa7d237000 	C:\Users\Acer\.gradle\native\49d0259a56938c7f99b2704e745ce422c4f750a7a20b539a32ccef96729676b1\windows-amd64\native-platform.dll
0x00007ffa6e230000 - 0x00007ffa6e3c6000 	C:\Users\Acer\.gradle\native\12488b8bf47d2d4c9fbf2f6322a914ad602e24e48041cd04a747c6da556b65c4\windows-amd64\native-platform-file-events.dll
0x00007ffa8d200000 - 0x00007ffa8d20d000 	C:\Program Files\OpenJDK\openjdk-8u312-b07\jre\bin\management.dll
0x00007ffaa06f0000 - 0x00007ffaa0708000 	C:\WINDOWS\SYSTEM32\CRYPTSP.dll
0x00007ffa9fdb0000 - 0x00007ffa9fde4000 	C:\WINDOWS\system32\rsaenh.dll
0x00007ffaa1650000 - 0x00007ffaa1677000 	C:\WINDOWS\System32\bcrypt.dll
0x00007ffaa0c10000 - 0x00007ffaa0c3e000 	C:\WINDOWS\SYSTEM32\USERENV.dll
0x00007ffaa1060000 - 0x00007ffaa10e3000 	C:\WINDOWS\System32\bcryptprimitives.dll
0x00007ffaa0710000 - 0x00007ffaa071c000 	C:\WINDOWS\SYSTEM32\CRYPTBASE.dll
0x00007ffaa0180000 - 0x00007ffaa01bb000 	C:\WINDOWS\SYSTEM32\IPHLPAPI.DLL
0x00007ffaa1a80000 - 0x00007ffaa1a88000 	C:\WINDOWS\System32\NSI.dll
0x00007ffa98cb0000 - 0x00007ffa98cc7000 	C:\WINDOWS\SYSTEM32\dhcpcsvc6.DLL
0x00007ffa99180000 - 0x00007ffa9919d000 	C:\WINDOWS\SYSTEM32\dhcpcsvc.DLL
0x00007ffaa01c0000 - 0x00007ffaa028b000 	C:\WINDOWS\SYSTEM32\DNSAPI.dll
0x00007ffa78b20000 - 0x00007ffa78b44000 	C:\Program Files\OpenJDK\openjdk-8u312-b07\jre\bin\sunec.dll
0x00007ffa88ea0000 - 0x00007ffa88eaa000 	C:\Windows\System32\rasadhlp.dll
0x00007ffa88dc0000 - 0x00007ffa88e3f000 	C:\WINDOWS\System32\fwpuclnt.dll
0x00007ffa8c2c0000 - 0x00007ffa8c2cc000 	C:\Program Files\OpenJDK\openjdk-8u312-b07\jre\bin\sunmscapi.dll
0x00007ffaa1220000 - 0x00007ffaa1376000 	C:\WINDOWS\System32\CRYPT32.dll
0x00007ffaa0810000 - 0x00007ffaa0837000 	C:\WINDOWS\SYSTEM32\ncrypt.dll
0x00007ffaa07d0000 - 0x00007ffaa080b000 	C:\WINDOWS\SYSTEM32\NTASN1.dll

VM Arguments:
jvm_args: -XX:MaxMetaspaceSize=256m -XX:+HeapDumpOnOutOfMemoryError -Xms256m -Xmx512m -Dfile.encoding=windows-1252 -Duser.country=GB -Duser.language=en -Duser.variant 
java_command: org.gradle.launcher.daemon.bootstrap.GradleDaemon 6.9
java_class_path (initial): C:\Users\Acer\.gradle\wrapper\dists\gradle-6.9-all\dooywd8nv05k16orzxge2b1bs\gradle-6.9\lib\gradle-launcher-6.9.jar
Launcher Type: SUN_STANDARD

Environment Variables:
JAVA_HOME=C:\Program Files\OpenJDK\openjdk-8u312-b07
CLASSPATH=D:\ReactNativeTraining\TrainingApps\android\\gradle\wrapper\gradle-wrapper.jar
PATH=D:\ReactNativeTraining\TrainingApps\android\node_modules\.bin;D:\ReactNativeTraining\TrainingApps\node_modules\.bin;D:\ReactNativeTraining\node_modules\.bin;D:\node_modules\.bin;C:\Program Files\nodejs;C:\Program Files\nodejs\node_modules\npm\node_modules\npm-lifecycle\node-gyp-bin;D:\ReactNativeTraining\TrainingApps\node_modules\.bin;C:\Program Files\Common Files\Oracle\Java\javapath;C:\WINDOWS\system32;C:\WINDOWS;C:\WINDOWS\System32\Wbem;C:\WINDOWS\System32\WindowsPowerShell\v1.0\;C:\WINDOWS\System32\OpenSSH\;C:\Program Files\NVIDIA Corporation\NVIDIA NvDLISR;C:\Program Files (x86)\NVIDIA Corporation\PhysX\Common;C:\Program Files\Git\cmd;C:\ProgramData\chocolatey\bin;C:\Program Files\OpenJDK\openjdk-8u312-b07\bin;%LOCALAPPDATA%\Android\Sdk\platform-tools;C:\Program Files\nodejs\;C:\Users\Acer\AppData\Local\Microsoft\WindowsApps;C:\Users\Acer\AppData\Local\Programs\Microsoft VS Code\bin;C:\Users\Acer\AppData\Local\Android\Sdk;C:\Users\Acer\AppData\Local\Android\Sdk\platform-tools;C:\Users\Acer\AppData\Roaming\npm
USERNAME=Acer
OS=Windows_NT
PROCESSOR_IDENTIFIER=Intel64 Family 6 Model 142 Stepping 10, GenuineIntel



---------------  S Y S T E M  ---------------

OS: Windows 10.0 , 64 bit Build 19041 (10.0.19041.1348)

CPU:total 8 (initial active 8) (4 cores per cpu, 2 threads per core) family 6 model 142 stepping 10, cmov, cx8, fxsr, mmx, sse, sse2, sse3, ssse3, sse4.1, sse4.2, popcnt, avx, avx2, aes, clmul, erms, 3dnowpref, lzcnt, ht, tsc, tscinvbit, bmi1, bmi2, adx

Memory: 4k page, physical 4068580k(114180k free), swap 16651492k(2572k free)

vm_info: OpenJDK 64-Bit Server VM (25.312-b07) for windows-amd64 JRE (1.8.0_312-b07), built on Oct 15 2021 11:47:12 by "build" with MS VC++ 10.0 (VS2010)

time: Fri Dec 17 14:18:29 2021
timezone: Malay Peninsula Standard Time
elapsed time: 3318.154404 seconds (0d 0h 55m 18s)

